<?xml version="1.0" encoding="UTF-8"?>
<testng-results skipped="0" failed="0" ignored="0" total="1" passed="1">
  <reporter-output>
  </reporter-output>
  <suite name="Default suite" duration-ms="19454" started-at="2017-10-26T08:15:05Z" finished-at="2017-10-26T08:15:25Z">
    <groups>
    </groups>
    <test name="Default test" duration-ms="19454" started-at="2017-10-26T08:15:05Z" finished-at="2017-10-26T08:15:25Z">
      <class name="PaytmPractice1">
        <test-method status="PASS" signature="setUp()[pri:0, instance:PaytmPractice1@5ae9a829]" name="setUp" is-config="true" duration-ms="7219" started-at="2017-10-26T13:45:05Z" finished-at="2017-10-26T13:45:12Z">
          <reporter-output>
          </reporter-output>
        </test-method> <!-- setUp -->
        <test-method status="PASS" signature="Login()[pri:0, instance:PaytmPractice1@5ae9a829]" name="Login" duration-ms="12208" started-at="2017-10-26T13:45:12Z" finished-at="2017-10-26T13:45:25Z">
          <reporter-output>
          </reporter-output>
        </test-method> <!-- Login -->
      </class> <!-- PaytmPractice1 -->
    </test> <!-- Default test -->
  </suite> <!-- Default suite -->
</testng-results>
